<?xml version="1.0" encoding="UTF-8"?>
<!-- Generated by org.testng.reporters.JUnitXMLReporter -->
<testsuite ignored="0" hostname="DESKTOP-4PNKHGI" failures="0" tests="3" name="Default test" time="61.007" errors="0" timestamp="2023-10-28T15:07:33 IST">
  <testcase classname="OHRM.Recruitment" name="login" time="5.448"/>
  <testcase classname="OHRM.Recruitment" name="recruitmentModule" time="3.417"/>
  <testcase classname="OHRM.Recruitment" name="Candidates_detailsForm" time="9.265"/>
</testsuite> <!-- Default test -->
