<?xml version="1.0" encoding="UTF-8"?>
<testng-results ignored="0" total="3" passed="3" failed="0" skipped="0">
  <reporter-output>
  </reporter-output>
  <suite started-at="2023-10-28T15:06:31 IST" name="Default suite" finished-at="2023-10-28T15:07:32 IST" duration-ms="61007">
    <groups>
    </groups>
    <test started-at="2023-10-28T15:06:31 IST" name="Default test" finished-at="2023-10-28T15:07:32 IST" duration-ms="61007">
      <class name="OHRM.Recruitment">
        <test-method is-config="true" signature="m()[pri:0, instance:OHRM.Recruitment@593aaf41]" started-at="2023-10-28T15:06:31 IST" name="m" finished-at="2023-10-28T15:07:14 IST" duration-ms="42798" status="PASS">
          <reporter-output>
          </reporter-output>
        </test-method> <!-- m -->
        <test-method signature="login()[pri:0, instance:OHRM.Recruitment@593aaf41]" started-at="2023-10-28T15:07:14 IST" name="login" finished-at="2023-10-28T15:07:20 IST" duration-ms="5448" status="PASS">
          <reporter-output>
          </reporter-output>
        </test-method> <!-- login -->
        <test-method signature="recruitmentModule()[pri:1, instance:OHRM.Recruitment@593aaf41]" started-at="2023-10-28T15:07:20 IST" name="recruitmentModule" finished-at="2023-10-28T15:07:23 IST" duration-ms="3417" status="PASS">
          <reporter-output>
          </reporter-output>
        </test-method> <!-- recruitmentModule -->
        <test-method signature="Candidates_detailsForm()[pri:2, instance:OHRM.Recruitment@593aaf41]" started-at="2023-10-28T15:07:23 IST" name="Candidates_detailsForm" finished-at="2023-10-28T15:07:32 IST" duration-ms="9265" status="PASS">
          <reporter-output>
          </reporter-output>
        </test-method> <!-- Candidates_detailsForm -->
      </class> <!-- OHRM.Recruitment -->
    </test> <!-- Default test -->
  </suite> <!-- Default suite -->
</testng-results>
